h:\2018 projects\ashwini lap cpp\cpp\libmgmtsys\libmgmtsys\debug\vc140.pdb
h:\2018 projects\ashwini lap cpp\cpp\libmgmtsys\libmgmtsys\debug\studentpage.obj
h:\2018 projects\ashwini lap cpp\cpp\libmgmtsys\libmgmtsys\debug\loginpage.obj
h:\2018 projects\ashwini lap cpp\cpp\libmgmtsys\libmgmtsys\debug\lecturerpage.obj
h:\2018 projects\ashwini lap cpp\cpp\libmgmtsys\libmgmtsys\debug\landingform.obj
h:\2018 projects\ashwini lap cpp\cpp\libmgmtsys\libmgmtsys\debug\homeform.obj
h:\2018 projects\ashwini lap cpp\cpp\libmgmtsys\libmgmtsys\debug\adminhome.obj
h:\2018 projects\ashwini lap cpp\cpp\libmgmtsys\libmgmtsys\debug\stumgmtsys.adminhome.resources
h:\2018 projects\ashwini lap cpp\cpp\libmgmtsys\libmgmtsys\debug\stumgmtsys.homeform.resources
h:\2018 projects\ashwini lap cpp\cpp\libmgmtsys\libmgmtsys\debug\stumgmtsys.landingform.resources
h:\2018 projects\ashwini lap cpp\cpp\libmgmtsys\libmgmtsys\debug\stumgmtsys.lecturerpage.resources
h:\2018 projects\ashwini lap cpp\cpp\libmgmtsys\libmgmtsys\debug\stumgmtsys.studentpage.resources
h:\2018 projects\ashwini lap cpp\cpp\libmgmtsys\libmgmtsys\debug\libmgmtsys.exe
h:\2018 projects\ashwini lap cpp\cpp\libmgmtsys\libmgmtsys\debug\libmgmtsys.pdb
h:\2018 projects\ashwini lap cpp\cpp\libmgmtsys\libmgmtsys\debug\libmgmtsys.vcxproj.generateresource.cache
h:\2018 projects\ashwini lap cpp\cpp\libmgmtsys\libmgmtsys\debug\libmgmtsys.vcxprojresolveassemblyreference.cache
h:\2018 projects\ashwini lap cpp\cpp\libmgmtsys\libmgmtsys\debug\stumgmtsys.vcxproj.generateresource.cache
h:\2018 projects\ashwini lap cpp\cpp\libmgmtsys\libmgmtsys\debug\stumgmtsys.vcxprojresolveassemblyreference.cache
h:\2018 projects\ashwini lap cpp\cpp\libmgmtsys\libmgmtsys\debug\libmgmtsys.exe.metagen
h:\2018 projects\ashwini lap cpp\cpp\libmgmtsys\libmgmtsys\debug\libmgmtsys.tlog\cl.command.1.tlog
h:\2018 projects\ashwini lap cpp\cpp\libmgmtsys\libmgmtsys\debug\libmgmtsys.tlog\cl.read.1.tlog
h:\2018 projects\ashwini lap cpp\cpp\libmgmtsys\libmgmtsys\debug\libmgmtsys.tlog\cl.write.1.tlog
h:\2018 projects\ashwini lap cpp\cpp\libmgmtsys\libmgmtsys\debug\libmgmtsys.tlog\libmgmtsys.write.1u.tlog
h:\2018 projects\ashwini lap cpp\cpp\libmgmtsys\libmgmtsys\debug\libmgmtsys.tlog\link.command.1.tlog
h:\2018 projects\ashwini lap cpp\cpp\libmgmtsys\libmgmtsys\debug\libmgmtsys.tlog\link.read.1.tlog
h:\2018 projects\ashwini lap cpp\cpp\libmgmtsys\libmgmtsys\debug\libmgmtsys.tlog\link.write.1.tlog
h:\2018 projects\ashwini lap cpp\cpp\libmgmtsys\libmgmtsys\debug\libmgmtsys.tlog\metagen.read.1.tlog
h:\2018 projects\ashwini lap cpp\cpp\libmgmtsys\libmgmtsys\debug\libmgmtsys.tlog\metagen.write.1.tlog
