h:\2018 projects\ashwini lap cpp\cpp\stumgmtsys\stumgmtsys\debug\vc140.pdb
h:\2018 projects\ashwini lap cpp\cpp\stumgmtsys\stumgmtsys\debug\studentpage.obj
h:\2018 projects\ashwini lap cpp\cpp\stumgmtsys\stumgmtsys\debug\loginpage.obj
h:\2018 projects\ashwini lap cpp\cpp\stumgmtsys\stumgmtsys\debug\lecturerpage.obj
h:\2018 projects\ashwini lap cpp\cpp\stumgmtsys\stumgmtsys\debug\landingform.obj
h:\2018 projects\ashwini lap cpp\cpp\stumgmtsys\stumgmtsys\debug\adminhome.obj
h:\2018 projects\ashwini lap cpp\cpp\stumgmtsys\debug\stumgmtsys.exe
h:\2018 projects\ashwini lap cpp\cpp\stumgmtsys\debug\stumgmtsys.pdb
h:\2018 projects\ashwini lap cpp\cpp\stumgmtsys\stumgmtsys\debug\stumgmtsys.adminhome.resources
h:\2018 projects\ashwini lap cpp\cpp\stumgmtsys\stumgmtsys\debug\stumgmtsys.landingform.resources
h:\2018 projects\ashwini lap cpp\cpp\stumgmtsys\stumgmtsys\debug\stumgmtsys.lecturerpage.resources
h:\2018 projects\ashwini lap cpp\cpp\stumgmtsys\stumgmtsys\debug\stumgmtsys.vcxproj.generateresource.cache
h:\2018 projects\ashwini lap cpp\cpp\stumgmtsys\stumgmtsys\debug\stumgmtsys.vcxprojresolveassemblyreference.cache
h:\2018 projects\ashwini lap cpp\cpp\stumgmtsys\stumgmtsys\debug\stumgmtsys.tlog\cl.command.1.tlog
h:\2018 projects\ashwini lap cpp\cpp\stumgmtsys\stumgmtsys\debug\stumgmtsys.tlog\cl.read.1.tlog
h:\2018 projects\ashwini lap cpp\cpp\stumgmtsys\stumgmtsys\debug\stumgmtsys.tlog\cl.write.1.tlog
h:\2018 projects\ashwini lap cpp\cpp\stumgmtsys\stumgmtsys\debug\stumgmtsys.tlog\link.command.1.tlog
h:\2018 projects\ashwini lap cpp\cpp\stumgmtsys\stumgmtsys\debug\stumgmtsys.tlog\link.read.1.tlog
h:\2018 projects\ashwini lap cpp\cpp\stumgmtsys\stumgmtsys\debug\stumgmtsys.tlog\link.write.1.tlog
h:\2018 projects\ashwini lap cpp\cpp\stumgmtsys\stumgmtsys\debug\stumgmtsys.tlog\metagen.read.1.tlog
h:\2018 projects\ashwini lap cpp\cpp\stumgmtsys\stumgmtsys\debug\stumgmtsys.tlog\metagen.write.1.tlog
h:\2018 projects\ashwini lap cpp\cpp\stumgmtsys\stumgmtsys\debug\stumgmtsys.tlog\stumgmtsys.write.1u.tlog
